2022-02-20 11:57:51,525:INFO:PyCaret NLP Module
2022-02-20 11:57:51,525:INFO:version 2.3.5
2022-02-20 11:57:51,526:INFO:Initializing setup()
2022-02-20 11:57:51,527:INFO:USI: 8088
2022-02-20 11:57:51,528:INFO:setup(data=(100, 17), target=review_content_clean, custom_stopwords=None, html=True, session_id=2000, log_experiment=False,
                    experiment_name=None, log_plots=False, log_data=False, verbose=False)
2022-02-20 11:57:51,529:INFO:Checking environment
2022-02-20 11:57:51,530:INFO:python_version: 3.8.12
2022-02-20 11:57:51,530:INFO:python_build: ('default', 'Dec 21 2021 10:45:09')
2022-02-20 11:57:51,531:INFO:machine: x86_64
2022-02-20 11:57:51,532:INFO:platform: Linux-5.10.76-linuxkit-x86_64-with-glibc2.2.5
2022-02-20 11:57:51,533:WARNING:cannot find psutil installation. memory not traceable. Install psutil using pip to enable memory logging. 
2022-02-20 11:57:51,534:INFO:Checking libraries
2022-02-20 11:57:51,534:INFO:pd==1.3.4
2022-02-20 11:57:51,535:INFO:numpy==1.19.5
2022-02-20 11:57:51,536:INFO:gensim==3.8.3
2022-02-20 11:57:51,536:INFO:spacy==2.3.7
2022-02-20 11:57:51,537:INFO:nltk==3.6.5
2022-02-20 11:57:51,538:INFO:textblob==0.17.1
2022-02-20 11:57:51,538:INFO:pyLDAvis==3.2.2
2022-02-20 11:57:51,539:INFO:wordcloud==1.8.1
2022-02-20 11:57:51,540:INFO:mlflow==1.23.1
2022-02-20 11:57:51,540:INFO:Checking Exceptions
2022-02-20 11:57:52,209:INFO:Preloading libraries
2022-02-20 11:57:52,210:INFO:Preparing display monitor
2022-02-20 11:57:52,219:INFO:Importing libraries
2022-02-20 11:57:52,220:INFO:Declaring global variables
2022-02-20 11:57:52,221:INFO:Input provided : dataframe
2022-02-20 11:57:52,222:INFO:session_id set to : 2000
2022-02-20 11:57:52,222:INFO:Copying training dataset
2022-02-20 11:57:52,224:INFO:Importing stopwords from nltk
2022-02-20 11:57:52,226:INFO:No custom stopwords defined
2022-02-20 11:57:52,227:INFO:Removing numeric characters from the text
2022-02-20 11:57:52,231:INFO:Removing special characters from the text
2022-02-20 11:57:52,246:INFO:Tokenizing Words
2022-02-20 11:57:52,270:INFO:Removing stopwords
2022-02-20 11:57:52,295:INFO:Extracting Bigrams
2022-02-20 11:57:52,368:INFO:Extracting Trigrams
2022-02-20 11:57:52,476:INFO:Lemmatizing tokens
2022-02-20 11:57:53,980:INFO:Removing stopwords after lemmatizing
2022-02-20 11:57:53,996:INFO:Creating corpus and dictionary
2022-02-20 11:57:54,005:INFO:Compiling processed text
2022-02-20 11:57:54,007:INFO:Compiling information grid
2022-02-20 11:57:54,008:INFO:setup() succesfully completed......................................
2022-02-20 11:57:54,023:INFO:Initializing create_model()
2022-02-20 11:57:54,024:INFO:create_model(model=lda, multi_core=True, num_topics=6, verbose=False, system=True)
2022-02-20 11:57:54,025:INFO:Checking exceptions
2022-02-20 11:57:54,026:INFO:Preloading libraries
2022-02-20 11:57:54,026:INFO:Preparing display monitor
2022-02-20 11:57:54,034:INFO:Defining topic model
2022-02-20 11:57:54,035:INFO:Model: Latent Dirichlet Allocation
2022-02-20 11:57:54,036:INFO:Defining num_topics parameter
2022-02-20 11:57:54,037:INFO:num_topics set to: 6
2022-02-20 11:57:54,039:INFO:LDA multi_core enabled
2022-02-20 11:57:54,040:INFO:LdaMulticore imported successfully
2022-02-20 11:57:55,008:INFO:LdaMulticore trained successfully
2022-02-20 11:57:55,010:INFO:LdaModel(num_terms=1126, num_topics=6, decay=0.5, chunksize=100)
2022-02-20 11:57:55,011:INFO:create_model() succesfully completed......................................
2022-02-20 11:57:55,019:INFO:PyCaret NLP Module
2022-02-20 11:57:55,019:INFO:version 2.3.5
2022-02-20 11:57:55,020:INFO:Initializing setup()
2022-02-20 11:57:55,021:INFO:USI: 593a
2022-02-20 11:57:55,022:INFO:setup(data=(100, 17), target=review_content_clean, custom_stopwords=None, html=True, session_id=2000, log_experiment=False,
                    experiment_name=None, log_plots=False, log_data=False, verbose=False)
2022-02-20 11:57:55,022:INFO:Checking environment
2022-02-20 11:57:55,023:INFO:python_version: 3.8.12
2022-02-20 11:57:55,023:INFO:python_build: ('default', 'Dec 21 2021 10:45:09')
2022-02-20 11:57:55,024:INFO:machine: x86_64
2022-02-20 11:57:55,025:INFO:platform: Linux-5.10.76-linuxkit-x86_64-with-glibc2.2.5
2022-02-20 11:57:55,026:WARNING:cannot find psutil installation. memory not traceable. Install psutil using pip to enable memory logging. 
2022-02-20 11:57:55,026:INFO:Checking libraries
2022-02-20 11:57:55,027:INFO:pd==1.3.4
2022-02-20 11:57:55,028:INFO:numpy==1.19.5
2022-02-20 11:57:55,028:INFO:gensim==3.8.3
2022-02-20 11:57:55,029:INFO:spacy==2.3.7
2022-02-20 11:57:55,030:INFO:nltk==3.6.5
2022-02-20 11:57:55,030:INFO:textblob==0.17.1
2022-02-20 11:57:55,031:INFO:pyLDAvis==3.2.2
2022-02-20 11:57:55,031:INFO:wordcloud==1.8.1
2022-02-20 11:57:55,032:INFO:mlflow==1.23.1
2022-02-20 11:57:55,032:INFO:Checking Exceptions
2022-02-20 11:57:55,509:INFO:Preloading libraries
2022-02-20 11:57:55,510:INFO:Preparing display monitor
2022-02-20 11:57:55,518:INFO:Importing libraries
2022-02-20 11:57:55,519:INFO:Declaring global variables
2022-02-20 11:57:55,520:INFO:Input provided : dataframe
2022-02-20 11:57:55,520:INFO:session_id set to : 2000
2022-02-20 11:57:55,521:INFO:Copying training dataset
2022-02-20 11:57:55,522:INFO:Importing stopwords from nltk
2022-02-20 11:57:55,524:INFO:No custom stopwords defined
2022-02-20 11:57:55,525:INFO:Removing numeric characters from the text
2022-02-20 11:57:55,529:INFO:Removing special characters from the text
2022-02-20 11:57:55,543:INFO:Tokenizing Words
2022-02-20 11:57:55,567:INFO:Removing stopwords
2022-02-20 11:57:55,593:INFO:Extracting Bigrams
2022-02-20 11:57:55,666:INFO:Extracting Trigrams
2022-02-20 11:57:55,776:INFO:Lemmatizing tokens
2022-02-20 11:57:56,786:INFO:Removing stopwords after lemmatizing
2022-02-20 11:57:56,818:INFO:Creating corpus and dictionary
2022-02-20 11:57:56,829:INFO:Compiling processed text
2022-02-20 11:57:56,830:INFO:Compiling information grid
2022-02-20 11:57:56,831:INFO:setup() succesfully completed......................................
2022-02-20 11:57:56,847:INFO:Initializing tune_model()
2022-02-20 11:57:56,848:INFO:tune_model(model=lda, multi_core=True, supervised_target=None, estimator=None, optimize=None, custom_grid=None, auto_fe=True, fold=2, verbose=False)
2022-02-20 11:57:56,849:INFO:Checking exceptions
2022-02-20 11:57:56,849:INFO:Preloading libraries
2022-02-20 11:57:56,850:INFO:Preparing display monitor
2022-02-20 11:57:56,861:INFO:Importing libraries
2022-02-20 11:57:56,868:INFO:Objective : Unsupervised
2022-02-20 11:57:56,869:INFO:Defining model name
2022-02-20 11:57:56,870:INFO:Topic Model Name: Latent Dirichlet Allocation
2022-02-20 11:57:56,871:INFO:Defining supervised estimator
2022-02-20 11:57:56,872:INFO:Estimator: None
2022-02-20 11:57:56,873:INFO:Defining Optimizer
2022-02-20 11:57:56,874:INFO:Optimize: None
2022-02-20 11:57:56,875:INFO:Defining Tuning Grid
2022-02-20 11:57:56,876:INFO:Pre-defined Grid used
2022-02-20 11:57:56,878:INFO:Fitting Model with num_topics = 2
2022-02-20 11:57:56,879:INFO:SubProcess create_model() called ==================================
2022-02-20 11:57:56,881:INFO:Initializing create_model()
2022-02-20 11:57:56,882:INFO:create_model(model=lda, multi_core=True, num_topics=2, verbose=False, system=True)
2022-02-20 11:57:56,883:INFO:Checking exceptions
2022-02-20 11:57:56,883:INFO:Preloading libraries
2022-02-20 11:57:56,884:INFO:Preparing display monitor
2022-02-20 11:57:56,891:INFO:Defining topic model
2022-02-20 11:57:56,892:INFO:Model: Latent Dirichlet Allocation
2022-02-20 11:57:56,893:INFO:Defining num_topics parameter
2022-02-20 11:57:56,893:INFO:num_topics set to: 2
2022-02-20 11:57:56,896:INFO:LDA multi_core enabled
2022-02-20 11:57:56,896:INFO:LdaMulticore imported successfully
2022-02-20 11:57:58,123:INFO:LdaMulticore trained successfully
2022-02-20 11:57:58,126:INFO:LdaModel(num_terms=1126, num_topics=2, decay=0.5, chunksize=100)
2022-02-20 11:57:58,127:INFO:create_model() succesfully completed......................................
2022-02-20 11:57:58,128:INFO:SubProcess create_model() end ==================================
2022-02-20 11:57:58,129:INFO:SubProcess assign_model() called ==================================
2022-02-20 11:57:58,131:INFO:Initializing assign_model()
2022-02-20 11:57:58,132:INFO:assign_model(model=LdaModel(num_terms=1126, num_topics=2, decay=0.5, chunksize=100), verbose=False)
2022-02-20 11:57:58,133:INFO:Determining model type
2022-02-20 11:57:58,133:INFO:model type: lda
2022-02-20 11:57:58,134:INFO:Checking exceptions
2022-02-20 11:57:58,135:INFO:Preloading libraries
2022-02-20 11:57:58,135:INFO:Preparing display monitor
2022-02-20 11:57:58,239:INFO:(200, 21)
2022-02-20 11:57:58,240:INFO:assign_model() succesfully completed......................................
2022-02-20 11:57:58,241:INFO:SubProcess assign_model() end ==================================
2022-02-20 11:57:58,242:INFO:Fitting Model with num_topics = 4
2022-02-20 11:57:58,244:INFO:SubProcess create_model() called ==================================
2022-02-20 11:57:58,247:INFO:Initializing create_model()
2022-02-20 11:57:58,250:INFO:create_model(model=lda, multi_core=True, num_topics=4, verbose=False, system=True)
2022-02-20 11:57:58,252:INFO:Checking exceptions
2022-02-20 11:57:58,252:INFO:Preloading libraries
2022-02-20 11:57:58,254:INFO:Preparing display monitor
2022-02-20 11:57:58,263:INFO:Defining topic model
2022-02-20 11:57:58,265:INFO:Model: Latent Dirichlet Allocation
2022-02-20 11:57:58,266:INFO:Defining num_topics parameter
2022-02-20 11:57:58,267:INFO:num_topics set to: 4
2022-02-20 11:57:58,269:INFO:LDA multi_core enabled
2022-02-20 11:57:58,270:INFO:LdaMulticore imported successfully
2022-02-20 11:57:59,266:INFO:LdaMulticore trained successfully
2022-02-20 11:57:59,269:INFO:LdaModel(num_terms=1126, num_topics=4, decay=0.5, chunksize=100)
2022-02-20 11:57:59,270:INFO:create_model() succesfully completed......................................
2022-02-20 11:57:59,271:INFO:SubProcess create_model() end ==================================
2022-02-20 11:57:59,272:INFO:SubProcess assign_model() called ==================================
2022-02-20 11:57:59,274:INFO:Initializing assign_model()
2022-02-20 11:57:59,275:INFO:assign_model(model=LdaModel(num_terms=1126, num_topics=4, decay=0.5, chunksize=100), verbose=False)
2022-02-20 11:57:59,276:INFO:Determining model type
2022-02-20 11:57:59,277:INFO:model type: lda
2022-02-20 11:57:59,277:INFO:Checking exceptions
2022-02-20 11:57:59,278:INFO:Preloading libraries
2022-02-20 11:57:59,279:INFO:Preparing display monitor
2022-02-20 11:57:59,380:INFO:(200, 23)
2022-02-20 11:57:59,381:INFO:assign_model() succesfully completed......................................
2022-02-20 11:57:59,382:INFO:SubProcess assign_model() end ==================================
2022-02-20 11:57:59,383:INFO:Fitting Model with num_topics = 8
2022-02-20 11:57:59,385:INFO:SubProcess create_model() called ==================================
2022-02-20 11:57:59,387:INFO:Initializing create_model()
2022-02-20 11:57:59,388:INFO:create_model(model=lda, multi_core=True, num_topics=8, verbose=False, system=True)
2022-02-20 11:57:59,389:INFO:Checking exceptions
2022-02-20 11:57:59,389:INFO:Preloading libraries
2022-02-20 11:57:59,391:INFO:Preparing display monitor
2022-02-20 11:57:59,399:INFO:Defining topic model
2022-02-20 11:57:59,400:INFO:Model: Latent Dirichlet Allocation
2022-02-20 11:57:59,400:INFO:Defining num_topics parameter
2022-02-20 11:57:59,401:INFO:num_topics set to: 8
2022-02-20 11:57:59,402:INFO:LDA multi_core enabled
2022-02-20 11:57:59,403:INFO:LdaMulticore imported successfully
2022-02-20 11:58:00,341:INFO:LdaMulticore trained successfully
2022-02-20 11:58:00,343:INFO:LdaModel(num_terms=1126, num_topics=8, decay=0.5, chunksize=100)
2022-02-20 11:58:00,344:INFO:create_model() succesfully completed......................................
2022-02-20 11:58:00,345:INFO:SubProcess create_model() end ==================================
2022-02-20 11:58:00,346:INFO:SubProcess assign_model() called ==================================
2022-02-20 11:58:00,348:INFO:Initializing assign_model()
2022-02-20 11:58:00,349:INFO:assign_model(model=LdaModel(num_terms=1126, num_topics=8, decay=0.5, chunksize=100), verbose=False)
2022-02-20 11:58:00,350:INFO:Determining model type
2022-02-20 11:58:00,351:INFO:model type: lda
2022-02-20 11:58:00,351:INFO:Checking exceptions
2022-02-20 11:58:00,352:INFO:Preloading libraries
2022-02-20 11:58:00,353:INFO:Preparing display monitor
2022-02-20 11:58:00,444:INFO:(200, 27)
2022-02-20 11:58:00,445:INFO:assign_model() succesfully completed......................................
2022-02-20 11:58:00,446:INFO:SubProcess assign_model() end ==================================
2022-02-20 11:58:00,447:INFO:Fitting Model with num_topics = 16
2022-02-20 11:58:00,449:INFO:SubProcess create_model() called ==================================
2022-02-20 11:58:00,454:INFO:Initializing create_model()
2022-02-20 11:58:00,456:INFO:create_model(model=lda, multi_core=True, num_topics=16, verbose=False, system=True)
2022-02-20 11:58:00,457:INFO:Checking exceptions
2022-02-20 11:58:00,458:INFO:Preloading libraries
2022-02-20 11:58:00,458:INFO:Preparing display monitor
2022-02-20 11:58:00,466:INFO:Defining topic model
2022-02-20 11:58:00,467:INFO:Model: Latent Dirichlet Allocation
2022-02-20 11:58:00,467:INFO:Defining num_topics parameter
2022-02-20 11:58:00,468:INFO:num_topics set to: 16
2022-02-20 11:58:00,470:INFO:LDA multi_core enabled
2022-02-20 11:58:00,470:INFO:LdaMulticore imported successfully
2022-02-20 11:58:01,366:INFO:LdaMulticore trained successfully
2022-02-20 11:58:01,368:INFO:LdaModel(num_terms=1126, num_topics=16, decay=0.5, chunksize=100)
2022-02-20 11:58:01,369:INFO:create_model() succesfully completed......................................
2022-02-20 11:58:01,369:INFO:SubProcess create_model() end ==================================
2022-02-20 11:58:01,370:INFO:SubProcess assign_model() called ==================================
2022-02-20 11:58:01,372:INFO:Initializing assign_model()
2022-02-20 11:58:01,373:INFO:assign_model(model=LdaModel(num_terms=1126, num_topics=16, decay=0.5, chunksize=100), verbose=False)
2022-02-20 11:58:01,374:INFO:Determining model type
2022-02-20 11:58:01,374:INFO:model type: lda
2022-02-20 11:58:01,375:INFO:Checking exceptions
2022-02-20 11:58:01,376:INFO:Preloading libraries
2022-02-20 11:58:01,376:INFO:Preparing display monitor
2022-02-20 11:58:01,470:INFO:(200, 35)
2022-02-20 11:58:01,472:INFO:assign_model() succesfully completed......................................
2022-02-20 11:58:01,473:INFO:SubProcess assign_model() end ==================================
2022-02-20 11:58:01,473:INFO:Fitting Model with num_topics = 32
2022-02-20 11:58:01,475:INFO:SubProcess create_model() called ==================================
2022-02-20 11:58:01,479:INFO:Initializing create_model()
2022-02-20 11:58:01,481:INFO:create_model(model=lda, multi_core=True, num_topics=32, verbose=False, system=True)
2022-02-20 11:58:01,483:INFO:Checking exceptions
2022-02-20 11:58:01,484:INFO:Preloading libraries
2022-02-20 11:58:01,485:INFO:Preparing display monitor
2022-02-20 11:58:01,492:INFO:Defining topic model
2022-02-20 11:58:01,492:INFO:Model: Latent Dirichlet Allocation
2022-02-20 11:58:01,493:INFO:Defining num_topics parameter
2022-02-20 11:58:01,494:INFO:num_topics set to: 32
2022-02-20 11:58:01,496:INFO:LDA multi_core enabled
2022-02-20 11:58:01,496:INFO:LdaMulticore imported successfully
2022-02-20 11:58:02,442:INFO:LdaMulticore trained successfully
2022-02-20 11:58:02,444:INFO:LdaModel(num_terms=1126, num_topics=32, decay=0.5, chunksize=100)
2022-02-20 11:58:02,445:INFO:create_model() succesfully completed......................................
2022-02-20 11:58:02,446:INFO:SubProcess create_model() end ==================================
2022-02-20 11:58:02,446:INFO:SubProcess assign_model() called ==================================
2022-02-20 11:58:02,449:INFO:Initializing assign_model()
2022-02-20 11:58:02,450:INFO:assign_model(model=LdaModel(num_terms=1126, num_topics=32, decay=0.5, chunksize=100), verbose=False)
2022-02-20 11:58:02,451:INFO:Determining model type
2022-02-20 11:58:02,451:INFO:model type: lda
2022-02-20 11:58:02,452:INFO:Checking exceptions
2022-02-20 11:58:02,453:INFO:Preloading libraries
2022-02-20 11:58:02,454:INFO:Preparing display monitor
2022-02-20 11:58:02,561:INFO:(200, 51)
2022-02-20 11:58:02,566:INFO:assign_model() succesfully completed......................................
2022-02-20 11:58:02,572:INFO:SubProcess assign_model() end ==================================
2022-02-20 11:58:02,577:INFO:Fitting Model with num_topics = 64
2022-02-20 11:58:02,584:INFO:SubProcess create_model() called ==================================
2022-02-20 11:58:02,589:INFO:Initializing create_model()
2022-02-20 11:58:02,590:INFO:create_model(model=lda, multi_core=True, num_topics=64, verbose=False, system=True)
2022-02-20 11:58:02,592:INFO:Checking exceptions
2022-02-20 11:58:02,593:INFO:Preloading libraries
2022-02-20 11:58:02,595:INFO:Preparing display monitor
2022-02-20 11:58:02,611:INFO:Defining topic model
2022-02-20 11:58:02,616:INFO:Model: Latent Dirichlet Allocation
2022-02-20 11:58:02,619:INFO:Defining num_topics parameter
2022-02-20 11:58:02,621:INFO:num_topics set to: 64
2022-02-20 11:58:02,625:INFO:LDA multi_core enabled
2022-02-20 11:58:02,627:INFO:LdaMulticore imported successfully
2022-02-20 11:58:03,866:INFO:LdaMulticore trained successfully
2022-02-20 11:58:03,868:INFO:LdaModel(num_terms=1126, num_topics=64, decay=0.5, chunksize=100)
2022-02-20 11:58:03,869:INFO:create_model() succesfully completed......................................
2022-02-20 11:58:03,870:INFO:SubProcess create_model() end ==================================
2022-02-20 11:58:03,871:INFO:SubProcess assign_model() called ==================================
2022-02-20 11:58:03,874:INFO:Initializing assign_model()
2022-02-20 11:58:03,875:INFO:assign_model(model=LdaModel(num_terms=1126, num_topics=64, decay=0.5, chunksize=100), verbose=False)
2022-02-20 11:58:03,876:INFO:Determining model type
2022-02-20 11:58:03,876:INFO:model type: lda
2022-02-20 11:58:03,877:INFO:Checking exceptions
2022-02-20 11:58:03,878:INFO:Preloading libraries
2022-02-20 11:58:03,879:INFO:Preparing display monitor
2022-02-20 11:58:04,074:INFO:(200, 83)
2022-02-20 11:58:04,075:INFO:assign_model() succesfully completed......................................
2022-02-20 11:58:04,078:INFO:SubProcess assign_model() end ==================================
2022-02-20 11:58:04,080:INFO:Fitting Model with num_topics = 100
2022-02-20 11:58:04,082:INFO:SubProcess create_model() called ==================================
2022-02-20 11:58:04,086:INFO:Initializing create_model()
2022-02-20 11:58:04,087:INFO:create_model(model=lda, multi_core=True, num_topics=100, verbose=False, system=True)
2022-02-20 11:58:04,088:INFO:Checking exceptions
2022-02-20 11:58:04,089:INFO:Preloading libraries
2022-02-20 11:58:04,090:INFO:Preparing display monitor
2022-02-20 11:58:04,099:INFO:Defining topic model
2022-02-20 11:58:04,100:INFO:Model: Latent Dirichlet Allocation
2022-02-20 11:58:04,101:INFO:Defining num_topics parameter
2022-02-20 11:58:04,102:INFO:num_topics set to: 100
2022-02-20 11:58:04,104:INFO:LDA multi_core enabled
2022-02-20 11:58:04,105:INFO:LdaMulticore imported successfully
2022-02-20 11:58:08,180:INFO:LdaMulticore trained successfully
2022-02-20 11:58:08,182:INFO:LdaModel(num_terms=1126, num_topics=100, decay=0.5, chunksize=100)
2022-02-20 11:58:08,183:INFO:create_model() succesfully completed......................................
2022-02-20 11:58:08,183:INFO:SubProcess create_model() end ==================================
2022-02-20 11:58:08,184:INFO:SubProcess assign_model() called ==================================
2022-02-20 11:58:08,192:INFO:Initializing assign_model()
2022-02-20 11:58:08,193:INFO:assign_model(model=LdaModel(num_terms=1126, num_topics=100, decay=0.5, chunksize=100), verbose=False)
2022-02-20 11:58:08,194:INFO:Determining model type
2022-02-20 11:58:08,195:INFO:model type: lda
2022-02-20 11:58:08,196:INFO:Checking exceptions
2022-02-20 11:58:08,197:INFO:Preloading libraries
2022-02-20 11:58:08,198:INFO:Preparing display monitor
2022-02-20 11:58:08,520:INFO:(200, 119)
2022-02-20 11:58:08,522:INFO:assign_model() succesfully completed......................................
2022-02-20 11:58:08,525:INFO:SubProcess assign_model() end ==================================
2022-02-20 11:58:08,527:INFO:Fitting Model with num_topics = 200
2022-02-20 11:58:08,530:INFO:SubProcess create_model() called ==================================
2022-02-20 11:58:08,533:INFO:Initializing create_model()
2022-02-20 11:58:08,534:INFO:create_model(model=lda, multi_core=True, num_topics=200, verbose=False, system=True)
2022-02-20 11:58:08,535:INFO:Checking exceptions
2022-02-20 11:58:08,538:INFO:Preloading libraries
2022-02-20 11:58:08,539:INFO:Preparing display monitor
2022-02-20 11:58:08,548:INFO:Defining topic model
2022-02-20 11:58:08,549:INFO:Model: Latent Dirichlet Allocation
2022-02-20 11:58:08,550:INFO:Defining num_topics parameter
2022-02-20 11:58:08,550:INFO:num_topics set to: 200
2022-02-20 11:58:08,552:INFO:LDA multi_core enabled
2022-02-20 11:58:08,553:INFO:LdaMulticore imported successfully
2022-02-20 11:58:14,613:INFO:LdaMulticore trained successfully
2022-02-20 11:58:14,616:INFO:LdaModel(num_terms=1126, num_topics=200, decay=0.5, chunksize=100)
2022-02-20 11:58:14,617:INFO:create_model() succesfully completed......................................
2022-02-20 11:58:14,618:INFO:SubProcess create_model() end ==================================
2022-02-20 11:58:14,619:INFO:SubProcess assign_model() called ==================================
2022-02-20 11:58:14,621:INFO:Initializing assign_model()
2022-02-20 11:58:14,622:INFO:assign_model(model=LdaModel(num_terms=1126, num_topics=200, decay=0.5, chunksize=100), verbose=False)
2022-02-20 11:58:14,623:INFO:Determining model type
2022-02-20 11:58:14,623:INFO:model type: lda
2022-02-20 11:58:14,624:INFO:Checking exceptions
2022-02-20 11:58:14,625:INFO:Preloading libraries
2022-02-20 11:58:14,627:INFO:Preparing display monitor
2022-02-20 11:58:15,189:INFO:(200, 219)
2022-02-20 11:58:15,190:INFO:assign_model() succesfully completed......................................
2022-02-20 11:58:15,193:INFO:SubProcess assign_model() end ==================================
2022-02-20 11:58:15,194:INFO:Fitting Model with num_topics = 300
2022-02-20 11:58:15,196:INFO:SubProcess create_model() called ==================================
2022-02-20 11:58:15,198:INFO:Initializing create_model()
2022-02-20 11:58:15,199:INFO:create_model(model=lda, multi_core=True, num_topics=300, verbose=False, system=True)
2022-02-20 11:58:15,199:INFO:Checking exceptions
2022-02-20 11:58:15,200:INFO:Preloading libraries
2022-02-20 11:58:15,201:INFO:Preparing display monitor
2022-02-20 11:58:15,209:INFO:Defining topic model
2022-02-20 11:58:15,210:INFO:Model: Latent Dirichlet Allocation
2022-02-20 11:58:15,210:INFO:Defining num_topics parameter
2022-02-20 11:58:15,211:INFO:num_topics set to: 300
2022-02-20 11:58:15,213:INFO:LDA multi_core enabled
2022-02-20 11:58:15,214:INFO:LdaMulticore imported successfully
2022-02-20 11:58:24,475:INFO:LdaMulticore trained successfully
2022-02-20 11:58:24,479:INFO:LdaModel(num_terms=1126, num_topics=300, decay=0.5, chunksize=100)
2022-02-20 11:58:24,480:INFO:create_model() succesfully completed......................................
2022-02-20 11:58:24,481:INFO:SubProcess create_model() end ==================================
2022-02-20 11:58:24,482:INFO:SubProcess assign_model() called ==================================
2022-02-20 11:58:24,486:INFO:Initializing assign_model()
2022-02-20 11:58:24,487:INFO:assign_model(model=LdaModel(num_terms=1126, num_topics=300, decay=0.5, chunksize=100), verbose=False)
2022-02-20 11:58:24,488:INFO:Determining model type
2022-02-20 11:58:24,490:INFO:model type: lda
2022-02-20 11:58:24,491:INFO:Checking exceptions
2022-02-20 11:58:24,493:INFO:Preloading libraries
2022-02-20 11:58:24,494:INFO:Preparing display monitor
2022-02-20 11:58:25,279:INFO:(200, 319)
2022-02-20 11:58:25,281:INFO:assign_model() succesfully completed......................................
2022-02-20 11:58:25,286:INFO:SubProcess assign_model() end ==================================
2022-02-20 11:58:25,287:INFO:Fitting Model with num_topics = 400
2022-02-20 11:58:25,290:INFO:SubProcess create_model() called ==================================
2022-02-20 11:58:25,293:INFO:Initializing create_model()
2022-02-20 11:58:25,294:INFO:create_model(model=lda, multi_core=True, num_topics=400, verbose=False, system=True)
2022-02-20 11:58:25,295:INFO:Checking exceptions
2022-02-20 11:58:25,296:INFO:Preloading libraries
2022-02-20 11:58:25,297:INFO:Preparing display monitor
2022-02-20 11:58:25,305:INFO:Defining topic model
2022-02-20 11:58:25,307:INFO:Model: Latent Dirichlet Allocation
2022-02-20 11:58:25,307:INFO:Defining num_topics parameter
2022-02-20 11:58:25,308:INFO:num_topics set to: 400
2022-02-20 11:58:25,311:INFO:LDA multi_core enabled
2022-02-20 11:58:25,312:INFO:LdaMulticore imported successfully
2022-02-20 11:58:42,783:INFO:LdaMulticore trained successfully
2022-02-20 11:58:42,787:INFO:LdaModel(num_terms=1126, num_topics=400, decay=0.5, chunksize=100)
2022-02-20 11:58:42,788:INFO:create_model() succesfully completed......................................
2022-02-20 11:58:42,789:INFO:SubProcess create_model() end ==================================
2022-02-20 11:58:42,790:INFO:SubProcess assign_model() called ==================================
2022-02-20 11:58:42,795:INFO:Initializing assign_model()
2022-02-20 11:58:42,796:INFO:assign_model(model=LdaModel(num_terms=1126, num_topics=400, decay=0.5, chunksize=100), verbose=False)
2022-02-20 11:58:42,805:INFO:Determining model type
2022-02-20 11:58:42,806:INFO:model type: lda
2022-02-20 11:58:42,807:INFO:Checking exceptions
2022-02-20 11:58:42,808:INFO:Preloading libraries
2022-02-20 11:58:42,808:INFO:Preparing display monitor
2022-02-20 11:58:43,885:INFO:(200, 419)
2022-02-20 11:58:43,887:INFO:assign_model() succesfully completed......................................
2022-02-20 11:58:43,893:INFO:SubProcess assign_model() end ==================================
2022-02-20 11:58:43,894:INFO:Problem : Unsupervised
2022-02-20 11:58:43,896:INFO:CoherenceModel imported successfully
2022-02-20 11:58:43,897:INFO:Evaluating Coherence with num_topics: LdaModel(num_terms=1126, num_topics=2, decay=0.5, chunksize=100)
2022-02-20 11:58:44,496:INFO:Evaluating Coherence with num_topics: LdaModel(num_terms=1126, num_topics=4, decay=0.5, chunksize=100)
2022-02-20 11:58:45,208:INFO:Evaluating Coherence with num_topics: LdaModel(num_terms=1126, num_topics=8, decay=0.5, chunksize=100)
2022-02-20 11:58:46,391:INFO:Evaluating Coherence with num_topics: LdaModel(num_terms=1126, num_topics=16, decay=0.5, chunksize=100)
2022-02-20 11:58:47,769:INFO:Evaluating Coherence with num_topics: LdaModel(num_terms=1126, num_topics=32, decay=0.5, chunksize=100)
2022-02-20 11:58:49,830:INFO:Evaluating Coherence with num_topics: LdaModel(num_terms=1126, num_topics=64, decay=0.5, chunksize=100)
2022-02-20 11:58:53,354:INFO:Evaluating Coherence with num_topics: LdaModel(num_terms=1126, num_topics=100, decay=0.5, chunksize=100)
2022-02-20 11:58:58,077:INFO:Evaluating Coherence with num_topics: LdaModel(num_terms=1126, num_topics=200, decay=0.5, chunksize=100)
2022-02-20 11:59:04,157:INFO:Evaluating Coherence with num_topics: LdaModel(num_terms=1126, num_topics=300, decay=0.5, chunksize=100)
2022-02-20 11:59:11,852:INFO:Evaluating Coherence with num_topics: LdaModel(num_terms=1126, num_topics=400, decay=0.5, chunksize=100)
2022-02-20 11:59:20,273:INFO:Creating metrics dataframe
2022-02-20 11:59:20,277:INFO:Rendering Visual
2022-02-20 11:59:20,338:INFO:Visual Rendered Successfully
2022-02-20 11:59:20,344:INFO:LdaModel(num_terms=1126, num_topics=100, decay=0.5, chunksize=100)
2022-02-20 11:59:20,345:INFO:tune_model() succesfully completed......................................
2022-02-20 11:59:20,358:INFO:PyCaret NLP Module
2022-02-20 11:59:20,359:INFO:version 2.3.5
2022-02-20 11:59:20,360:INFO:Initializing setup()
2022-02-20 11:59:20,360:INFO:USI: 6131
2022-02-20 11:59:20,361:INFO:setup(data=(100, 17), target=review_content_clean, custom_stopwords=None, html=True, session_id=2000, log_experiment=False,
                    experiment_name=None, log_plots=False, log_data=False, verbose=False)
2022-02-20 11:59:20,362:INFO:Checking environment
2022-02-20 11:59:20,363:INFO:python_version: 3.8.12
2022-02-20 11:59:20,363:INFO:python_build: ('default', 'Dec 21 2021 10:45:09')
2022-02-20 11:59:20,364:INFO:machine: x86_64
2022-02-20 11:59:20,364:INFO:platform: Linux-5.10.76-linuxkit-x86_64-with-glibc2.2.5
2022-02-20 11:59:20,365:WARNING:cannot find psutil installation. memory not traceable. Install psutil using pip to enable memory logging. 
2022-02-20 11:59:20,366:INFO:Checking libraries
2022-02-20 11:59:20,366:INFO:pd==1.3.4
2022-02-20 11:59:20,367:INFO:numpy==1.19.5
2022-02-20 11:59:20,368:INFO:gensim==3.8.3
2022-02-20 11:59:20,368:INFO:spacy==2.3.7
2022-02-20 11:59:20,369:INFO:nltk==3.6.5
2022-02-20 11:59:20,370:INFO:textblob==0.17.1
2022-02-20 11:59:20,371:INFO:pyLDAvis==3.2.2
2022-02-20 11:59:20,371:INFO:wordcloud==1.8.1
2022-02-20 11:59:20,372:INFO:mlflow==1.23.1
2022-02-20 11:59:20,373:INFO:Checking Exceptions
2022-02-20 11:59:20,883:INFO:Preloading libraries
2022-02-20 11:59:20,885:INFO:Preparing display monitor
2022-02-20 11:59:20,892:INFO:Importing libraries
2022-02-20 11:59:20,893:INFO:Declaring global variables
2022-02-20 11:59:20,894:INFO:Input provided : dataframe
2022-02-20 11:59:20,895:INFO:session_id set to : 2000
2022-02-20 11:59:20,896:INFO:Copying training dataset
2022-02-20 11:59:20,898:INFO:Importing stopwords from nltk
2022-02-20 11:59:20,899:INFO:No custom stopwords defined
2022-02-20 11:59:20,900:INFO:Removing numeric characters from the text
2022-02-20 11:59:20,903:INFO:Removing special characters from the text
2022-02-20 11:59:20,918:INFO:Tokenizing Words
2022-02-20 11:59:20,943:INFO:Removing stopwords
2022-02-20 11:59:20,968:INFO:Extracting Bigrams
2022-02-20 11:59:21,044:INFO:Extracting Trigrams
2022-02-20 11:59:21,150:INFO:Lemmatizing tokens
2022-02-20 11:59:22,480:INFO:Removing stopwords after lemmatizing
2022-02-20 11:59:22,501:INFO:Creating corpus and dictionary
2022-02-20 11:59:22,513:INFO:Compiling processed text
2022-02-20 11:59:22,514:INFO:Compiling information grid
2022-02-20 11:59:22,516:INFO:setup() succesfully completed......................................
